2023-11-27 10:54:06.918 [info] Log level: Info
2023-11-27 10:54:06.918 [info] Validating found git in: "git"
2023-11-27 10:54:06.918 [info] Using git "2.34.1" from "git"
2023-11-27 10:54:06.918 [info] > git rev-parse --show-toplevel [6ms]
2023-11-27 10:54:06.918 [info] fatal: not a git repository (or any of the parent directories): .git
2023-11-27 10:54:06.922 [info] > git rev-parse --show-toplevel [5ms]
2023-11-27 10:54:06.922 [info] fatal: not a git repository (or any of the parent directories): .git
2023-11-27 10:54:06.944 [info] > git rev-parse --show-toplevel [7ms]
2023-11-27 10:54:06.944 [info] fatal: not a git repository (or any of the parent directories): .git
2023-11-27 10:54:06.963 [info] > git rev-parse --show-toplevel [4ms]
2023-11-27 10:54:06.963 [info] fatal: not a git repository (or any of the parent directories): .git
2023-11-27 10:54:06.986 [info] > git rev-parse --show-toplevel [4ms]
2023-11-27 10:54:06.986 [info] fatal: not a git repository (or any of the parent directories): .git
2023-11-27 10:54:07.014 [info] > git rev-parse --show-toplevel [9ms]
2023-11-27 10:54:07.014 [info] fatal: not a git repository (or any parent up to mount point /home/ra46suz)
Stopping at filesystem boundary (GIT_DISCOVERY_ACROSS_FILESYSTEM not set).
2023-11-27 10:54:07.037 [info] > git rev-parse --show-toplevel [4ms]
2023-11-27 10:54:07.037 [info] fatal: not a git repository (or any of the parent directories): .git
2023-11-27 10:55:52.098 [info] > git rev-parse --show-toplevel [4ms]
2023-11-27 10:55:52.098 [info] fatal: not a git repository (or any of the parent directories): .git
2023-11-27 10:55:59.604 [info] > git rev-parse --show-toplevel [5ms]
2023-11-27 10:55:59.604 [info] fatal: not a git repository (or any of the parent directories): .git
2023-11-27 10:56:00.514 [info] > git rev-parse --show-toplevel [5ms]
2023-11-27 10:56:00.514 [info] fatal: not a git repository (or any of the parent directories): .git
2023-11-27 10:56:02.187 [info] > git rev-parse --show-toplevel [4ms]
2023-11-27 10:56:02.188 [info] fatal: not a git repository (or any of the parent directories): .git
2023-11-27 10:58:15.375 [info] > git rev-parse --show-toplevel [5ms]
2023-11-27 10:58:15.376 [info] fatal: not a git repository (or any of the parent directories): .git
2023-11-27 11:11:01.689 [info] > git init -b main [6ms]
2023-11-27 11:11:02.301 [info] > git rev-parse --show-toplevel [3ms]
2023-11-27 11:11:02.323 [info] > git rev-parse --git-dir --git-common-dir [4ms]
2023-11-27 11:11:02.351 [info] Open repository: /home/ra46suz
2023-11-27 11:11:02.382 [info] No remotes found in the git config file.
2023-11-27 11:11:02.383 [info] > git config --get commit.template [18ms]
2023-11-27 11:11:02.385 [info] > git for-each-ref --format=%(refname)%00%(upstream:short)%00%(objectname)%00%(upstream:track)%00%(upstream:remotename)%00%(upstream:remoteref) refs/heads/main refs/remotes/main [4ms]
2023-11-27 11:11:02.458 [info] > git status -z -uall [56ms]
2023-11-27 11:11:02.564 [info] No remotes found in the git config file.
2023-11-27 11:11:02.566 [info] > git config --get commit.template [22ms]
2023-11-27 11:11:02.567 [info] > git for-each-ref --format=%(refname)%00%(upstream:short)%00%(objectname)%00%(upstream:track)%00%(upstream:remotename)%00%(upstream:remoteref) refs/heads/main refs/remotes/main [4ms]
2023-11-27 11:11:02.783 [info] > git status -z -uall [200ms]
2023-11-27 11:11:03.159 [info] > git show --textconv :test [20ms]
2023-11-27 11:11:03.162 [info] > git ls-files --stage -- /home/ra46suz/test [5ms]
2023-11-27 11:11:03.642 [info] > git check-ignore -v -z --stdin [4ms]
2023-11-27 11:11:06.244 [info] No remotes found in the git config file.
2023-11-27 11:11:06.247 [info] > git config --get commit.template [23ms]
2023-11-27 11:11:06.248 [info] > git for-each-ref --format=%(refname)%00%(upstream:short)%00%(objectname)%00%(upstream:track)%00%(upstream:remotename)%00%(upstream:remoteref) refs/heads/main refs/remotes/main [4ms]
2023-11-27 11:11:06.299 [info] > git status -z -uall [34ms]
2023-11-27 11:11:11.385 [info] No remotes found in the git config file.
2023-11-27 11:11:11.387 [info] > git config --get commit.template [25ms]
2023-11-27 11:11:11.388 [info] > git for-each-ref --format=%(refname)%00%(upstream:short)%00%(objectname)%00%(upstream:track)%00%(upstream:remotename)%00%(upstream:remoteref) refs/heads/main refs/remotes/main [4ms]
2023-11-27 11:11:11.446 [info] > git status -z -uall [37ms]
2023-11-27 11:11:16.535 [info] No remotes found in the git config file.
2023-11-27 11:11:16.539 [info] > git config --get commit.template [26ms]
2023-11-27 11:11:16.540 [info] > git for-each-ref --format=%(refname)%00%(upstream:short)%00%(objectname)%00%(upstream:track)%00%(upstream:remotename)%00%(upstream:remoteref) refs/heads/main refs/remotes/main [7ms]
2023-11-27 11:11:16.599 [info] > git status -z -uall [35ms]
2023-11-27 11:11:21.694 [info] No remotes found in the git config file.
2023-11-27 11:11:21.697 [info] > git config --get commit.template [27ms]
2023-11-27 11:11:21.698 [info] > git for-each-ref --format=%(refname)%00%(upstream:short)%00%(objectname)%00%(upstream:track)%00%(upstream:remotename)%00%(upstream:remoteref) refs/heads/main refs/remotes/main [5ms]
2023-11-27 11:11:21.753 [info] > git status -z -uall [33ms]
2023-11-27 11:11:26.839 [info] No remotes found in the git config file.
2023-11-27 11:11:26.842 [info] > git config --get commit.template [24ms]
2023-11-27 11:11:26.843 [info] > git for-each-ref --format=%(refname)%00%(upstream:short)%00%(objectname)%00%(upstream:track)%00%(upstream:remotename)%00%(upstream:remoteref) refs/heads/main refs/remotes/main [5ms]
2023-11-27 11:11:26.895 [info] > git status -z -uall [29ms]
2023-11-27 11:11:27.252 [info] > git show --textconv HEAD:.wget-hsts [220ms]
2023-11-27 11:11:27.252 [info] > git ls-tree -l HEAD -- /home/ra46suz/.wget-hsts [198ms]
2023-11-27 11:11:27.252 [info] fatal: Not a valid object name HEAD
2023-11-27 11:11:28.496 [info] > git show --textconv HEAD:test [28ms]
2023-11-27 11:11:28.499 [info] > git ls-tree -l HEAD -- /home/ra46suz/test [6ms]
2023-11-27 11:11:28.499 [info] fatal: Not a valid object name HEAD
2023-11-27 11:11:31.982 [info] No remotes found in the git config file.
2023-11-27 11:11:31.984 [info] > git config --get commit.template [26ms]
2023-11-27 11:11:31.984 [info] > git for-each-ref --format=%(refname)%00%(upstream:short)%00%(objectname)%00%(upstream:track)%00%(upstream:remotename)%00%(upstream:remoteref) refs/heads/main refs/remotes/main [3ms]
2023-11-27 11:11:32.037 [info] > git status -z -uall [32ms]
2023-11-27 11:11:37.036 [info] > git check-ignore -v -z --stdin [7ms]
2023-11-27 11:11:37.125 [info] No remotes found in the git config file.
2023-11-27 11:11:37.127 [info] > git config --get commit.template [26ms]
2023-11-27 11:11:37.128 [info] > git for-each-ref --format=%(refname)%00%(upstream:short)%00%(objectname)%00%(upstream:track)%00%(upstream:remotename)%00%(upstream:remoteref) refs/heads/main refs/remotes/main [5ms]
2023-11-27 11:11:37.179 [info] > git status -z -uall [30ms]
2023-11-27 11:11:38.000 [info] > git check-ignore -v -z --stdin [3ms]
2023-11-27 11:11:42.268 [info] No remotes found in the git config file.
2023-11-27 11:11:42.270 [info] > git config --get commit.template [26ms]
2023-11-27 11:11:42.271 [info] > git for-each-ref --format=%(refname)%00%(upstream:short)%00%(objectname)%00%(upstream:track)%00%(upstream:remotename)%00%(upstream:remoteref) refs/heads/main refs/remotes/main [4ms]
2023-11-27 11:11:42.323 [info] > git status -z -uall [30ms]
2023-11-27 11:11:47.409 [info] No remotes found in the git config file.
2023-11-27 11:11:47.411 [info] > git config --get commit.template [24ms]
2023-11-27 11:11:47.412 [info] > git for-each-ref --format=%(refname)%00%(upstream:short)%00%(objectname)%00%(upstream:track)%00%(upstream:remotename)%00%(upstream:remoteref) refs/heads/main refs/remotes/main [3ms]
2023-11-27 11:11:47.465 [info] > git status -z -uall [30ms]
2023-11-27 11:11:52.541 [info] No remotes found in the git config file.
2023-11-27 11:11:52.542 [info] > git config --get commit.template [17ms]
2023-11-27 11:11:52.544 [info] > git for-each-ref --format=%(refname)%00%(upstream:short)%00%(objectname)%00%(upstream:track)%00%(upstream:remotename)%00%(upstream:remoteref) refs/heads/main refs/remotes/main [3ms]
2023-11-27 11:11:52.595 [info] > git status -z -uall [34ms]
2023-11-27 11:11:57.688 [info] No remotes found in the git config file.
2023-11-27 11:11:57.690 [info] > git config --get commit.template [27ms]
2023-11-27 11:11:57.690 [info] > git for-each-ref --format=%(refname)%00%(upstream:short)%00%(objectname)%00%(upstream:track)%00%(upstream:remotename)%00%(upstream:remoteref) refs/heads/main refs/remotes/main [3ms]
2023-11-27 11:11:57.745 [info] > git status -z -uall [31ms]
2023-11-27 11:12:02.835 [info] No remotes found in the git config file.
2023-11-27 11:12:02.837 [info] > git config --get commit.template [26ms]
2023-11-27 11:12:02.838 [info] > git for-each-ref --format=%(refname)%00%(upstream:short)%00%(objectname)%00%(upstream:track)%00%(upstream:remotename)%00%(upstream:remoteref) refs/heads/main refs/remotes/main [4ms]
2023-11-27 11:12:02.894 [info] > git status -z -uall [35ms]
2023-11-27 11:12:06.882 [info] > git add -A -- . [179ms]
2023-11-27 11:12:06.882 [info] fatal: unable to stat '.cache/tracker3/files/last-crawl.txt.0WZGF2': No such file or directory
2023-11-27 11:12:06.931 [info] No remotes found in the git config file.
2023-11-27 11:12:06.933 [info] > git config --get commit.template [25ms]
2023-11-27 11:12:06.934 [info] > git for-each-ref --format=%(refname)%00%(upstream:short)%00%(objectname)%00%(upstream:track)%00%(upstream:remotename)%00%(upstream:remoteref) refs/heads/main refs/remotes/main [3ms]
2023-11-27 11:12:06.983 [info] > git status -z -uall [28ms]
2023-11-27 11:12:07.983 [info] > git config --get commit.template [27ms]
2023-11-27 11:12:07.984 [info] No remotes found in the git config file.
2023-11-27 11:12:07.985 [info] > git for-each-ref --format=%(refname)%00%(upstream:short)%00%(objectname)%00%(upstream:track)%00%(upstream:remotename)%00%(upstream:remoteref) refs/heads/main refs/remotes/main [4ms]
2023-11-27 11:12:08.044 [info] > git status -z -uall [36ms]
2023-11-27 11:12:13.132 [info] No remotes found in the git config file.
2023-11-27 11:12:13.134 [info] > git config --get commit.template [26ms]
2023-11-27 11:12:13.135 [info] > git for-each-ref --format=%(refname)%00%(upstream:short)%00%(objectname)%00%(upstream:track)%00%(upstream:remotename)%00%(upstream:remoteref) refs/heads/main refs/remotes/main [4ms]
2023-11-27 11:12:13.190 [info] > git status -z -uall [31ms]
2023-11-27 11:12:17.706 [info] > git check-ignore -v -z --stdin [4ms]
2023-11-27 11:12:18.279 [info] No remotes found in the git config file.
2023-11-27 11:12:18.281 [info] > git config --get commit.template [29ms]
2023-11-27 11:12:18.282 [info] > git for-each-ref --format=%(refname)%00%(upstream:short)%00%(objectname)%00%(upstream:track)%00%(upstream:remotename)%00%(upstream:remoteref) refs/heads/main refs/remotes/main [4ms]
2023-11-27 11:12:18.337 [info] > git status -z -uall [33ms]
2023-11-27 11:12:23.427 [info] No remotes found in the git config file.
2023-11-27 11:12:23.430 [info] > git config --get commit.template [24ms]
2023-11-27 11:12:23.431 [info] > git for-each-ref --format=%(refname)%00%(upstream:short)%00%(objectname)%00%(upstream:track)%00%(upstream:remotename)%00%(upstream:remoteref) refs/heads/main refs/remotes/main [4ms]
2023-11-27 11:12:23.485 [info] > git status -z -uall [32ms]
2023-11-27 11:12:28.572 [info] No remotes found in the git config file.
2023-11-27 11:12:28.575 [info] > git config --get commit.template [26ms]
2023-11-27 11:12:28.576 [info] > git for-each-ref --format=%(refname)%00%(upstream:short)%00%(objectname)%00%(upstream:track)%00%(upstream:remotename)%00%(upstream:remoteref) refs/heads/main refs/remotes/main [5ms]
2023-11-27 11:12:28.634 [info] > git status -z -uall [33ms]
2023-11-27 11:12:33.725 [info] No remotes found in the git config file.
2023-11-27 11:12:33.727 [info] > git config --get commit.template [29ms]
2023-11-27 11:12:33.728 [info] > git for-each-ref --format=%(refname)%00%(upstream:short)%00%(objectname)%00%(upstream:track)%00%(upstream:remotename)%00%(upstream:remoteref) refs/heads/main refs/remotes/main [4ms]
2023-11-27 11:12:33.787 [info] > git status -z -uall [35ms]
2023-11-27 11:12:38.878 [info] No remotes found in the git config file.
2023-11-27 11:12:38.880 [info] > git config --get commit.template [29ms]
2023-11-27 11:12:38.882 [info] > git for-each-ref --format=%(refname)%00%(upstream:short)%00%(objectname)%00%(upstream:track)%00%(upstream:remotename)%00%(upstream:remoteref) refs/heads/main refs/remotes/main [5ms]
2023-11-27 11:12:38.936 [info] > git status -z -uall [29ms]
2023-11-27 11:12:44.027 [info] No remotes found in the git config file.
2023-11-27 11:12:44.029 [info] > git config --get commit.template [27ms]
2023-11-27 11:12:44.030 [info] > git for-each-ref --format=%(refname)%00%(upstream:short)%00%(objectname)%00%(upstream:track)%00%(upstream:remotename)%00%(upstream:remoteref) refs/heads/main refs/remotes/main [4ms]
2023-11-27 11:12:44.085 [info] > git status -z -uall [32ms]
2023-11-27 11:12:44.397 [info] > git check-ignore -v -z --stdin [5ms]
2023-11-27 11:12:49.176 [info] No remotes found in the git config file.
2023-11-27 11:12:49.179 [info] > git config --get commit.template [29ms]
2023-11-27 11:12:49.180 [info] > git for-each-ref --format=%(refname)%00%(upstream:short)%00%(objectname)%00%(upstream:track)%00%(upstream:remotename)%00%(upstream:remoteref) refs/heads/main refs/remotes/main [5ms]
2023-11-27 11:12:49.236 [info] > git status -z -uall [33ms]
2023-11-27 11:12:53.191 [info] > git show --textconv HEAD:.cache/motd.legal-displayed [24ms]
2023-11-27 11:12:53.195 [info] > git ls-tree -l HEAD -- /home/ra46suz/.cache/motd.legal-displayed [5ms]
2023-11-27 11:12:53.195 [info] fatal: Not a valid object name HEAD
2023-11-27 11:12:54.160 [info] > git ls-tree -l HEAD -- /home/ra46suz/test [4ms]
2023-11-27 11:12:54.160 [info] fatal: Not a valid object name HEAD
2023-11-27 11:12:54.323 [info] No remotes found in the git config file.
2023-11-27 11:12:54.325 [info] > git config --get commit.template [26ms]
2023-11-27 11:12:54.326 [info] > git for-each-ref --format=%(refname)%00%(upstream:short)%00%(objectname)%00%(upstream:track)%00%(upstream:remotename)%00%(upstream:remoteref) refs/heads/main refs/remotes/main [3ms]
2023-11-27 11:12:54.371 [info] > git status -z -uall [26ms]
2023-11-27 11:12:59.459 [info] No remotes found in the git config file.
2023-11-27 11:12:59.462 [info] > git config --get commit.template [27ms]
2023-11-27 11:12:59.463 [info] > git for-each-ref --format=%(refname)%00%(upstream:short)%00%(objectname)%00%(upstream:track)%00%(upstream:remotename)%00%(upstream:remoteref) refs/heads/main refs/remotes/main [5ms]
2023-11-27 11:12:59.525 [info] > git status -z -uall [39ms]
2023-11-27 11:13:01.491 [info] > git ls-tree -l HEAD -- /home/ra46suz/.cache/motd.legal-displayed [3ms]
2023-11-27 11:13:01.492 [info] fatal: Not a valid object name HEAD
2023-11-27 11:13:02.392 [info] > git ls-tree -l HEAD -- /home/ra46suz/test [5ms]
2023-11-27 11:13:02.392 [info] fatal: Not a valid object name HEAD
2023-11-27 11:13:04.613 [info] No remotes found in the git config file.
2023-11-27 11:13:04.615 [info] > git config --get commit.template [25ms]
2023-11-27 11:13:04.616 [info] > git for-each-ref --format=%(refname)%00%(upstream:short)%00%(objectname)%00%(upstream:track)%00%(upstream:remotename)%00%(upstream:remoteref) refs/heads/main refs/remotes/main [3ms]
2023-11-27 11:13:04.674 [info] > git status -z -uall [34ms]
2023-11-27 11:13:09.768 [info] > git config --get commit.template [28ms]
2023-11-27 11:13:09.770 [info] No remotes found in the git config file.
2023-11-27 11:13:09.770 [info] > git for-each-ref --format=%(refname)%00%(upstream:short)%00%(objectname)%00%(upstream:track)%00%(upstream:remotename)%00%(upstream:remoteref) refs/heads/main refs/remotes/main [4ms]
2023-11-27 11:13:09.828 [info] > git status -z -uall [33ms]
2023-11-27 11:13:14.915 [info] No remotes found in the git config file.
2023-11-27 11:13:14.917 [info] > git config --get commit.template [26ms]
2023-11-27 11:13:14.918 [info] > git for-each-ref --format=%(refname)%00%(upstream:short)%00%(objectname)%00%(upstream:track)%00%(upstream:remotename)%00%(upstream:remoteref) refs/heads/main refs/remotes/main [4ms]
2023-11-27 11:13:14.972 [info] > git status -z -uall [29ms]
2023-11-27 11:13:20.060 [info] No remotes found in the git config file.
2023-11-27 11:13:20.062 [info] > git config --get commit.template [28ms]
2023-11-27 11:13:20.063 [info] > git for-each-ref --format=%(refname)%00%(upstream:short)%00%(objectname)%00%(upstream:track)%00%(upstream:remotename)%00%(upstream:remoteref) refs/heads/main refs/remotes/main [5ms]
2023-11-27 11:13:20.120 [info] > git status -z -uall [31ms]
2023-11-27 11:13:25.209 [info] No remotes found in the git config file.
2023-11-27 11:13:25.210 [info] > git config --get commit.template [26ms]
2023-11-27 11:13:25.211 [info] > git for-each-ref --format=%(refname)%00%(upstream:short)%00%(objectname)%00%(upstream:track)%00%(upstream:remotename)%00%(upstream:remoteref) refs/heads/main refs/remotes/main [3ms]
2023-11-27 11:13:25.266 [info] > git status -z -uall [32ms]
2023-11-27 11:13:30.352 [info] No remotes found in the git config file.
2023-11-27 11:13:30.355 [info] > git config --get commit.template [24ms]
2023-11-27 11:13:30.355 [info] > git for-each-ref --format=%(refname)%00%(upstream:short)%00%(objectname)%00%(upstream:track)%00%(upstream:remotename)%00%(upstream:remoteref) refs/heads/main refs/remotes/main [4ms]
2023-11-27 11:13:30.407 [info] > git status -z -uall [28ms]
2023-11-27 11:13:35.497 [info] No remotes found in the git config file.
2023-11-27 11:13:35.499 [info] > git config --get commit.template [29ms]
2023-11-27 11:13:35.500 [info] > git for-each-ref --format=%(refname)%00%(upstream:short)%00%(objectname)%00%(upstream:track)%00%(upstream:remotename)%00%(upstream:remoteref) refs/heads/main refs/remotes/main [4ms]
2023-11-27 11:13:35.552 [info] > git status -z -uall [30ms]
2023-11-27 11:13:40.638 [info] No remotes found in the git config file.
2023-11-27 11:13:40.641 [info] > git config --get commit.template [25ms]
2023-11-27 11:13:40.641 [info] > git for-each-ref --format=%(refname)%00%(upstream:short)%00%(objectname)%00%(upstream:track)%00%(upstream:remotename)%00%(upstream:remoteref) refs/heads/main refs/remotes/main [4ms]
2023-11-27 11:13:40.694 [info] > git status -z -uall [30ms]
2023-11-27 11:13:43.554 [info] > git ls-tree -l HEAD -- /home/ra46suz/.cache/motd.legal-displayed [4ms]
2023-11-27 11:13:43.554 [info] fatal: Not a valid object name HEAD
2023-11-27 11:13:44.245 [info] > git ls-tree -l HEAD -- /home/ra46suz/test [4ms]
2023-11-27 11:13:44.246 [info] fatal: Not a valid object name HEAD
2023-11-27 11:13:45.780 [info] No remotes found in the git config file.
2023-11-27 11:13:45.782 [info] > git config --get commit.template [24ms]
2023-11-27 11:13:45.783 [info] > git for-each-ref --format=%(refname)%00%(upstream:short)%00%(objectname)%00%(upstream:track)%00%(upstream:remotename)%00%(upstream:remoteref) refs/heads/main refs/remotes/main [3ms]
2023-11-27 11:13:45.836 [info] > git status -z -uall [31ms]
2023-11-27 11:13:50.921 [info] No remotes found in the git config file.
2023-11-27 11:13:50.924 [info] > git config --get commit.template [24ms]
2023-11-27 11:13:50.924 [info] > git for-each-ref --format=%(refname)%00%(upstream:short)%00%(objectname)%00%(upstream:track)%00%(upstream:remotename)%00%(upstream:remoteref) refs/heads/main refs/remotes/main [4ms]
2023-11-27 11:13:50.976 [info] > git status -z -uall [29ms]
2023-11-27 11:13:56.062 [info] No remotes found in the git config file.
2023-11-27 11:13:56.064 [info] > git config --get commit.template [23ms]
2023-11-27 11:13:56.065 [info] > git for-each-ref --format=%(refname)%00%(upstream:short)%00%(objectname)%00%(upstream:track)%00%(upstream:remotename)%00%(upstream:remoteref) refs/heads/main refs/remotes/main [4ms]
2023-11-27 11:13:56.120 [info] > git status -z -uall [31ms]
2023-11-27 11:14:01.207 [info] No remotes found in the git config file.
2023-11-27 11:14:01.209 [info] > git config --get commit.template [26ms]
2023-11-27 11:14:01.210 [info] > git for-each-ref --format=%(refname)%00%(upstream:short)%00%(objectname)%00%(upstream:track)%00%(upstream:remotename)%00%(upstream:remoteref) refs/heads/main refs/remotes/main [4ms]
2023-11-27 11:14:01.260 [info] > git status -z -uall [27ms]
2023-11-27 11:14:06.354 [info] No remotes found in the git config file.
2023-11-27 11:14:06.355 [info] > git config --get commit.template [30ms]
2023-11-27 11:14:06.356 [info] > git for-each-ref --format=%(refname)%00%(upstream:short)%00%(objectname)%00%(upstream:track)%00%(upstream:remotename)%00%(upstream:remoteref) refs/heads/main refs/remotes/main [3ms]
2023-11-27 11:14:06.413 [info] > git status -z -uall [33ms]
2023-11-27 11:14:06.995 [info] > git show --textconv HEAD:.wget-hsts [32ms]
2023-11-27 11:14:06.999 [info] > git ls-tree -l HEAD -- /home/ra46suz/.wget-hsts [7ms]
2023-11-27 11:14:06.999 [info] fatal: Not a valid object name HEAD
2023-11-27 11:14:10.629 [info] > git ls-tree -l HEAD -- /home/ra46suz/test [4ms]
2023-11-27 11:14:10.629 [info] fatal: Not a valid object name HEAD
2023-11-27 11:14:11.503 [info] No remotes found in the git config file.
2023-11-27 11:14:11.505 [info] > git config --get commit.template [26ms]
2023-11-27 11:14:11.506 [info] > git for-each-ref --format=%(refname)%00%(upstream:short)%00%(objectname)%00%(upstream:track)%00%(upstream:remotename)%00%(upstream:remoteref) refs/heads/main refs/remotes/main [4ms]
2023-11-27 11:14:11.560 [info] > git status -z -uall [34ms]
2023-11-27 11:14:16.654 [info] No remotes found in the git config file.
2023-11-27 11:14:16.656 [info] > git config --get commit.template [27ms]
2023-11-27 11:14:16.657 [info] > git for-each-ref --format=%(refname)%00%(upstream:short)%00%(objectname)%00%(upstream:track)%00%(upstream:remotename)%00%(upstream:remoteref) refs/heads/main refs/remotes/main [4ms]
2023-11-27 11:14:16.714 [info] > git status -z -uall [31ms]
2023-11-27 11:14:21.803 [info] No remotes found in the git config file.
2023-11-27 11:14:21.805 [info] > git config --get commit.template [25ms]
2023-11-27 11:14:21.806 [info] > git for-each-ref --format=%(refname)%00%(upstream:short)%00%(objectname)%00%(upstream:track)%00%(upstream:remotename)%00%(upstream:remoteref) refs/heads/main refs/remotes/main [4ms]
2023-11-27 11:14:21.861 [info] > git status -z -uall [31ms]
2023-11-27 11:14:26.952 [info] No remotes found in the git config file.
2023-11-27 11:14:26.954 [info] > git config --get commit.template [28ms]
2023-11-27 11:14:26.955 [info] > git for-each-ref --format=%(refname)%00%(upstream:short)%00%(objectname)%00%(upstream:track)%00%(upstream:remotename)%00%(upstream:remoteref) refs/heads/main refs/remotes/main [3ms]
2023-11-27 11:14:27.010 [info] > git status -z -uall [34ms]
2023-11-27 11:14:32.102 [info] > git config --get commit.template [27ms]
2023-11-27 11:14:32.103 [info] No remotes found in the git config file.
2023-11-27 11:14:32.104 [info] > git for-each-ref --format=%(refname)%00%(upstream:short)%00%(objectname)%00%(upstream:track)%00%(upstream:remotename)%00%(upstream:remoteref) refs/heads/main refs/remotes/main [5ms]
2023-11-27 11:14:32.159 [info] > git status -z -uall [33ms]
2023-11-27 11:14:37.263 [info] > git config --get commit.template [27ms]
2023-11-27 11:14:37.263 [info] No remotes found in the git config file.
2023-11-27 11:14:37.264 [info] > git for-each-ref --format=%(refname)%00%(upstream:short)%00%(objectname)%00%(upstream:track)%00%(upstream:remotename)%00%(upstream:remoteref) refs/heads/main refs/remotes/main [4ms]
2023-11-27 11:14:37.323 [info] > git status -z -uall [35ms]
2023-11-27 11:14:42.411 [info] No remotes found in the git config file.
2023-11-27 11:14:42.414 [info] > git config --get commit.template [26ms]
2023-11-27 11:14:42.414 [info] > git for-each-ref --format=%(refname)%00%(upstream:short)%00%(objectname)%00%(upstream:track)%00%(upstream:remotename)%00%(upstream:remoteref) refs/heads/main refs/remotes/main [4ms]
2023-11-27 11:14:42.469 [info] > git status -z -uall [32ms]
2023-11-27 11:14:47.556 [info] No remotes found in the git config file.
2023-11-27 11:14:47.557 [info] > git config --get commit.template [24ms]
2023-11-27 11:14:47.558 [info] > git for-each-ref --format=%(refname)%00%(upstream:short)%00%(objectname)%00%(upstream:track)%00%(upstream:remotename)%00%(upstream:remoteref) refs/heads/main refs/remotes/main [3ms]
2023-11-27 11:14:47.617 [info] > git status -z -uall [35ms]
2023-11-27 11:14:52.710 [info] No remotes found in the git config file.
2023-11-27 11:14:52.712 [info] > git config --get commit.template [30ms]
2023-11-27 11:14:52.713 [info] > git for-each-ref --format=%(refname)%00%(upstream:short)%00%(objectname)%00%(upstream:track)%00%(upstream:remotename)%00%(upstream:remoteref) refs/heads/main refs/remotes/main [4ms]
2023-11-27 11:14:52.772 [info] > git status -z -uall [34ms]
2023-11-27 11:14:55.873 [info] > git ls-tree -l HEAD -- /home/ra46suz/.wget-hsts [3ms]
2023-11-27 11:14:55.873 [info] fatal: Not a valid object name HEAD
2023-11-27 11:14:57.859 [info] No remotes found in the git config file.
2023-11-27 11:14:57.860 [info] > git config --get commit.template [23ms]
2023-11-27 11:14:57.861 [info] > git for-each-ref --format=%(refname)%00%(upstream:short)%00%(objectname)%00%(upstream:track)%00%(upstream:remotename)%00%(upstream:remoteref) refs/heads/main refs/remotes/main [4ms]
2023-11-27 11:14:57.918 [info] > git status -z -uall [34ms]
2023-11-27 11:14:57.919 [info] > git ls-tree -l HEAD -- /home/ra46suz/test [5ms]
2023-11-27 11:14:57.919 [info] fatal: Not a valid object name HEAD
2023-11-27 11:15:03.005 [info] No remotes found in the git config file.
2023-11-27 11:15:03.008 [info] > git config --get commit.template [26ms]
2023-11-27 11:15:03.008 [info] > git for-each-ref --format=%(refname)%00%(upstream:short)%00%(objectname)%00%(upstream:track)%00%(upstream:remotename)%00%(upstream:remoteref) refs/heads/main refs/remotes/main [4ms]
2023-11-27 11:15:03.064 [info] > git status -z -uall [32ms]
