2023-11-27 10:54:02.605 [info] Extension host with pid 2159838 started
2023-11-27 10:54:02.616 [info] Lock '/home/ra46suz/.vscode-server/data/User/workspaceStorage/4a986a62782f94683dab661a9c45b8d5/vscode.lock': Lock acquired.
2023-11-27 10:54:02.641 [info] ExtensionService#_doActivateExtension vscode.emmet, startup: false, activationEvent: 'onLanguage'
2023-11-27 10:54:02.712 [info] ExtensionService#_doActivateExtension vscode.git-base, startup: true, activationEvent: '*'
2023-11-27 10:54:02.725 [info] ExtensionService#_doActivateExtension vscode.github, startup: true, activationEvent: '*'
2023-11-27 10:54:02.786 [info] Eager extensions activated
2023-11-27 10:54:02.786 [info] ExtensionService#_doActivateExtension vscode.debug-auto-launch, startup: false, activationEvent: 'onStartupFinished'
2023-11-27 10:54:02.786 [info] ExtensionService#_doActivateExtension vscode.merge-conflict, startup: false, activationEvent: 'onStartupFinished'
2023-11-27 10:54:06.739 [info] ExtensionService#_doActivateExtension vscode.git, startup: false, activationEvent: 'api', root cause: vscode.github
2023-11-27 11:11:02.513 [warning] [Decorations] CAPPING events from decorations provider vscode.git 1218
2023-11-27 11:11:02.812 [warning] [Decorations] CAPPING events from decorations provider vscode.git 1218
2023-11-27 11:11:06.329 [warning] [Decorations] CAPPING events from decorations provider vscode.git 1218
2023-11-27 11:11:11.480 [warning] [Decorations] CAPPING events from decorations provider vscode.git 1218
2023-11-27 11:11:16.632 [warning] [Decorations] CAPPING events from decorations provider vscode.git 1218
2023-11-27 11:11:21.784 [warning] [Decorations] CAPPING events from decorations provider vscode.git 1218
2023-11-27 11:11:26.925 [warning] [Decorations] CAPPING events from decorations provider vscode.git 1218
2023-11-27 11:11:32.067 [warning] [Decorations] CAPPING events from decorations provider vscode.git 1218
2023-11-27 11:11:37.211 [warning] [Decorations] CAPPING events from decorations provider vscode.git 1218
2023-11-27 11:11:42.354 [warning] [Decorations] CAPPING events from decorations provider vscode.git 1218
2023-11-27 11:11:47.495 [warning] [Decorations] CAPPING events from decorations provider vscode.git 1218
2023-11-27 11:11:52.628 [warning] [Decorations] CAPPING events from decorations provider vscode.git 1218
2023-11-27 11:11:57.778 [warning] [Decorations] CAPPING events from decorations provider vscode.git 1218
2023-11-27 11:12:02.924 [warning] [Decorations] CAPPING events from decorations provider vscode.git 1218
2023-11-27 11:12:07.017 [warning] [Decorations] CAPPING events from decorations provider vscode.git 1219
2023-11-27 11:12:08.076 [warning] [Decorations] CAPPING events from decorations provider vscode.git 1219
2023-11-27 11:12:13.220 [warning] [Decorations] CAPPING events from decorations provider vscode.git 1219
2023-11-27 11:12:18.372 [warning] [Decorations] CAPPING events from decorations provider vscode.git 1219
2023-11-27 11:12:23.515 [warning] [Decorations] CAPPING events from decorations provider vscode.git 1219
2023-11-27 11:12:28.665 [warning] [Decorations] CAPPING events from decorations provider vscode.git 1219
2023-11-27 11:12:33.818 [warning] [Decorations] CAPPING events from decorations provider vscode.git 1219
2023-11-27 11:12:38.969 [warning] [Decorations] CAPPING events from decorations provider vscode.git 1219
2023-11-27 11:12:44.115 [warning] [Decorations] CAPPING events from decorations provider vscode.git 1219
2023-11-27 11:12:49.267 [warning] [Decorations] CAPPING events from decorations provider vscode.git 1219
2023-11-27 11:12:54.401 [warning] [Decorations] CAPPING events from decorations provider vscode.git 1219
2023-11-27 11:12:59.557 [warning] [Decorations] CAPPING events from decorations provider vscode.git 1219
2023-11-27 11:13:04.707 [warning] [Decorations] CAPPING events from decorations provider vscode.git 1219
2023-11-27 11:13:09.859 [warning] [Decorations] CAPPING events from decorations provider vscode.git 1219
2023-11-27 11:13:15.002 [warning] [Decorations] CAPPING events from decorations provider vscode.git 1219
2023-11-27 11:13:20.153 [warning] [Decorations] CAPPING events from decorations provider vscode.git 1219
2023-11-27 11:13:25.297 [warning] [Decorations] CAPPING events from decorations provider vscode.git 1219
2023-11-27 11:13:30.438 [warning] [Decorations] CAPPING events from decorations provider vscode.git 1219
2023-11-27 11:13:35.583 [warning] [Decorations] CAPPING events from decorations provider vscode.git 1219
2023-11-27 11:13:40.724 [warning] [Decorations] CAPPING events from decorations provider vscode.git 1219
2023-11-27 11:13:45.866 [warning] [Decorations] CAPPING events from decorations provider vscode.git 1219
2023-11-27 11:13:51.008 [warning] [Decorations] CAPPING events from decorations provider vscode.git 1219
2023-11-27 11:13:56.150 [warning] [Decorations] CAPPING events from decorations provider vscode.git 1219
2023-11-27 11:14:01.291 [warning] [Decorations] CAPPING events from decorations provider vscode.git 1219
2023-11-27 11:14:06.448 [warning] [Decorations] CAPPING events from decorations provider vscode.git 1219
2023-11-27 11:14:11.594 [warning] [Decorations] CAPPING events from decorations provider vscode.git 1219
2023-11-27 11:14:16.746 [warning] [Decorations] CAPPING events from decorations provider vscode.git 1219
2023-11-27 11:14:21.893 [warning] [Decorations] CAPPING events from decorations provider vscode.git 1219
2023-11-27 11:14:27.041 [warning] [Decorations] CAPPING events from decorations provider vscode.git 1219
2023-11-27 11:14:32.200 [warning] [Decorations] CAPPING events from decorations provider vscode.git 1219
2023-11-27 11:14:37.354 [warning] [Decorations] CAPPING events from decorations provider vscode.git 1219
2023-11-27 11:14:42.500 [warning] [Decorations] CAPPING events from decorations provider vscode.git 1219
2023-11-27 11:14:47.649 [warning] [Decorations] CAPPING events from decorations provider vscode.git 1219
2023-11-27 11:14:52.804 [warning] [Decorations] CAPPING events from decorations provider vscode.git 1219
2023-11-27 11:14:57.947 [warning] [Decorations] CAPPING events from decorations provider vscode.git 1219
2023-11-27 11:15:03.096 [warning] [Decorations] CAPPING events from decorations provider vscode.git 1219
